[ 2019-08-15T12:24:00+08:00 ] 127.0.0.1 /function/Extend/EMail/index
INFO: [ app_init ] --START--
INFO: Run Behavior\BuildLiteBehavior [ RunTime:0.000000s ]
INFO: [ app_init ] --END-- [ RunTime:0.001000s ]
INFO: [ app_begin ] --START--
INFO: Run Behavior\ReadHtmlCacheBehavior [ RunTime:0.001000s ]
INFO: [ app_begin ] --END-- [ RunTime:0.001000s ]

[ 2019-08-15T12:24:01+08:00 ] 127.0.0.1 /function/Extend/EMail/index
INFO: [ app_init ] --START--
INFO: Run Behavior\BuildLiteBehavior [ RunTime:0.000000s ]
INFO: [ app_init ] --END-- [ RunTime:0.001000s ]
INFO: [ app_begin ] --START--
INFO: Run Behavior\ReadHtmlCacheBehavior [ RunTime:0.000000s ]
INFO: [ app_begin ] --END-- [ RunTime:0.001000s ]

[ 2019-08-15T12:25:28+08:00 ] 127.0.0.1 /function/Extend/EMail/index
INFO: [ app_init ] --START--
INFO: Run Behavior\BuildLiteBehavior [ RunTime:0.000000s ]
INFO: [ app_init ] --END-- [ RunTime:0.000000s ]
INFO: [ app_begin ] --START--
INFO: Run Behavior\ReadHtmlCacheBehavior [ RunTime:0.001000s ]
INFO: [ app_begin ] --END-- [ RunTime:0.001000s ]

[ 2019-08-15T12:26:33+08:00 ] 127.0.0.1 /function/Extend/EMail/index
INFO: [ app_init ] --START--
INFO: Run Behavior\BuildLiteBehavior [ RunTime:0.000000s ]
INFO: [ app_init ] --END-- [ RunTime:0.001000s ]
INFO: [ app_begin ] --START--
INFO: Run Behavior\ReadHtmlCacheBehavior [ RunTime:0.001000s ]
INFO: [ app_begin ] --END-- [ RunTime:0.001000s ]
NOTIC: [2] stream_socket_client(): SSL operation failed with code 1. OpenSSL Error messages:
error:14090086:SSL routines:SSL3_GET_SERVER_CERTIFICATE:certificate verify failed F:\gitcode\php_frame\function\Vendor\PHPMailer\class.smtp.php 第 278 行.
NOTIC: [2] stream_socket_client(): Failed to enable crypto F:\gitcode\php_frame\function\Vendor\PHPMailer\class.smtp.php 第 278 行.
NOTIC: [2] stream_socket_client(): unable to connect to ssl://smtp.qq.com:465 (Unknown error) F:\gitcode\php_frame\function\Vendor\PHPMailer\class.smtp.php 第 278 行.
INFO: [ app_end ] --START--
INFO: Run Behavior\ChromeShowPageTraceBehavior [ RunTime:0.002000s ]
INFO: [ app_end ] --END-- [ RunTime:0.002000s ]

[ 2019-08-15T12:29:23+08:00 ] 127.0.0.1 /function/Extend/EMail/index
INFO: [ app_init ] --START--
INFO: Run Behavior\BuildLiteBehavior [ RunTime:0.000000s ]
INFO: [ app_init ] --END-- [ RunTime:0.002000s ]
INFO: [ app_begin ] --START--
INFO: Run Behavior\ReadHtmlCacheBehavior [ RunTime:0.002000s ]
INFO: [ app_begin ] --END-- [ RunTime:0.002000s ]
NOTIC: [2] stream_socket_client(): SSL operation failed with code 1. OpenSSL Error messages:
error:14090086:SSL routines:SSL3_GET_SERVER_CERTIFICATE:certificate verify failed F:\gitcode\php_frame\function\Vendor\PHPMailer\class.smtp.php 第 278 行.
NOTIC: [2] stream_socket_client(): Failed to enable crypto F:\gitcode\php_frame\function\Vendor\PHPMailer\class.smtp.php 第 278 行.
NOTIC: [2] stream_socket_client(): unable to connect to ssl://smtp.qq.com:465 (Unknown error) F:\gitcode\php_frame\function\Vendor\PHPMailer\class.smtp.php 第 278 行.
INFO: [ app_end ] --START--
INFO: Run Behavior\ChromeShowPageTraceBehavior [ RunTime:0.002000s ]
INFO: [ app_end ] --END-- [ RunTime:0.002000s ]

[ 2019-08-15T12:29:23+08:00 ] 127.0.0.1 /function/Extend/EMail/index
INFO: [ app_init ] --START--
INFO: Run Behavior\BuildLiteBehavior [ RunTime:0.000000s ]
INFO: [ app_init ] --END-- [ RunTime:0.002000s ]
INFO: [ app_begin ] --START--
INFO: Run Behavior\ReadHtmlCacheBehavior [ RunTime:0.001000s ]
INFO: [ app_begin ] --END-- [ RunTime:0.001000s ]
NOTIC: [2] stream_socket_client(): SSL operation failed with code 1. OpenSSL Error messages:
error:14090086:SSL routines:SSL3_GET_SERVER_CERTIFICATE:certificate verify failed F:\gitcode\php_frame\function\Vendor\PHPMailer\class.smtp.php 第 278 行.
NOTIC: [2] stream_socket_client(): Failed to enable crypto F:\gitcode\php_frame\function\Vendor\PHPMailer\class.smtp.php 第 278 行.
NOTIC: [2] stream_socket_client(): unable to connect to ssl://smtp.qq.com:465 (Unknown error) F:\gitcode\php_frame\function\Vendor\PHPMailer\class.smtp.php 第 278 行.
INFO: [ app_end ] --START--
INFO: Run Behavior\ChromeShowPageTraceBehavior [ RunTime:0.002000s ]
INFO: [ app_end ] --END-- [ RunTime:0.003000s ]

[ 2019-08-15T12:31:56+08:00 ] 127.0.0.1 /function/Extend/EMail/index
INFO: [ app_init ] --START--
INFO: Run Behavior\BuildLiteBehavior [ RunTime:0.000000s ]
INFO: [ app_init ] --END-- [ RunTime:0.001000s ]
INFO: [ app_begin ] --START--
INFO: Run Behavior\ReadHtmlCacheBehavior [ RunTime:0.001000s ]
INFO: [ app_begin ] --END-- [ RunTime:0.001000s ]

[ 2019-08-15T12:33:55+08:00 ] 127.0.0.1 /function/Extend/EMail/index
INFO: [ app_init ] --START--
INFO: Run Behavior\BuildLiteBehavior [ RunTime:0.000000s ]
INFO: [ app_init ] --END-- [ RunTime:0.001000s ]
INFO: [ app_begin ] --START--
INFO: Run Behavior\ReadHtmlCacheBehavior [ RunTime:0.001000s ]
INFO: [ app_begin ] --END-- [ RunTime:0.001000s ]
INFO: [ app_end ] --START--
INFO: Run Behavior\ChromeShowPageTraceBehavior [ RunTime:0.002001s ]
INFO: [ app_end ] --END-- [ RunTime:0.002001s ]

[ 2019-08-15T12:34:32+08:00 ] 127.0.0.1 /function/Extend/EMail/index
INFO: [ app_init ] --START--
INFO: Run Behavior\BuildLiteBehavior [ RunTime:0.000000s ]
INFO: [ app_init ] --END-- [ RunTime:0.001000s ]
INFO: [ app_begin ] --START--
INFO: Run Behavior\ReadHtmlCacheBehavior [ RunTime:0.001000s ]
INFO: [ app_begin ] --END-- [ RunTime:0.002000s ]
INFO: [ app_end ] --START--
INFO: Run Behavior\ChromeShowPageTraceBehavior [ RunTime:0.002000s ]
INFO: [ app_end ] --END-- [ RunTime:0.002000s ]

[ 2019-08-15T12:34:42+08:00 ] 127.0.0.1 /function/Extend/EMail/index
INFO: [ app_init ] --START--
INFO: Run Behavior\BuildLiteBehavior [ RunTime:0.000000s ]
INFO: [ app_init ] --END-- [ RunTime:0.000000s ]
INFO: [ app_begin ] --START--
INFO: Run Behavior\ReadHtmlCacheBehavior [ RunTime:0.000000s ]
INFO: [ app_begin ] --END-- [ RunTime:0.010000s ]
INFO: [ app_end ] --START--
INFO: Run Behavior\ChromeShowPageTraceBehavior [ RunTime:0.002000s ]
INFO: [ app_end ] --END-- [ RunTime:0.002000s ]

[ 2019-08-15T12:38:26+08:00 ] 127.0.0.1 /function/Extend/EMail/index
INFO: [ app_init ] --START--
INFO: Run Behavior\BuildLiteBehavior [ RunTime:0.000000s ]
INFO: [ app_init ] --END-- [ RunTime:0.001000s ]
INFO: [ app_begin ] --START--
INFO: Run Behavior\ReadHtmlCacheBehavior [ RunTime:0.001000s ]
INFO: [ app_begin ] --END-- [ RunTime:0.001000s ]
INFO: [ app_end ] --START--
INFO: Run Behavior\ChromeShowPageTraceBehavior [ RunTime:0.003000s ]
INFO: [ app_end ] --END-- [ RunTime:0.003000s ]

[ 2019-08-15T12:38:34+08:00 ] 127.0.0.1 /function/Extend/EMail/index
INFO: [ app_init ] --START--
INFO: Run Behavior\BuildLiteBehavior [ RunTime:0.000000s ]
INFO: [ app_init ] --END-- [ RunTime:0.002000s ]
INFO: [ app_begin ] --START--
INFO: Run Behavior\ReadHtmlCacheBehavior [ RunTime:0.002000s ]
INFO: [ app_begin ] --END-- [ RunTime:0.002000s ]
INFO: [ app_end ] --START--
INFO: Run Behavior\ChromeShowPageTraceBehavior [ RunTime:0.003001s ]
INFO: [ app_end ] --END-- [ RunTime:0.003001s ]

[ 2019-08-15T12:40:04+08:00 ] 127.0.0.1 /function/Extend/EMail/index
INFO: [ app_init ] --START--
INFO: Run Behavior\BuildLiteBehavior [ RunTime:0.001000s ]
INFO: [ app_init ] --END-- [ RunTime:0.001000s ]
INFO: [ app_begin ] --START--
INFO: Run Behavior\ReadHtmlCacheBehavior [ RunTime:0.002000s ]
INFO: [ app_begin ] --END-- [ RunTime:0.002000s ]
INFO: [ app_end ] --START--
INFO: Run Behavior\ChromeShowPageTraceBehavior [ RunTime:0.003000s ]
INFO: [ app_end ] --END-- [ RunTime:0.003000s ]

[ 2019-08-15T12:40:57+08:00 ] 127.0.0.1 /function/Extend/QrCode/image
INFO: [ app_init ] --START--
INFO: Run Behavior\BuildLiteBehavior [ RunTime:0.000000s ]
INFO: [ app_init ] --END-- [ RunTime:0.001000s ]
INFO: [ app_begin ] --START--
INFO: Run Behavior\ReadHtmlCacheBehavior [ RunTime:0.002001s ]
INFO: [ app_begin ] --END-- [ RunTime:0.002001s ]
NOTIC: [2048] Declaration of Extend\Controller\QrCodeController::show() should be compatible with Think\Controller::show($content, $charset = '', $contentType = '', $prefix = '') F:\gitcode\php_frame\function\Application\Extend\Controller\QrCodeController.class.php 第 17 行.
NOTIC: [2] imagepng(F:/gitcode/php_frame/public/img/qrcode/1565844057.png): failed to open stream: No such file or directory F:\gitcode\php_frame\function\Vendor\phpqrcode\phpqrcode.php 第 954 行.
INFO: [ app_end ] --START--
INFO: Run Behavior\ChromeShowPageTraceBehavior [ RunTime:0.002001s ]
INFO: [ app_end ] --END-- [ RunTime:0.002001s ]

[ 2019-08-15T12:43:14+08:00 ] 127.0.0.1 /function/Extend/QrCode/image
INFO: [ app_init ] --START--
INFO: Run Behavior\BuildLiteBehavior [ RunTime:0.000000s ]
INFO: [ app_init ] --END-- [ RunTime:0.001000s ]
INFO: [ app_begin ] --START--
INFO: Run Behavior\ReadHtmlCacheBehavior [ RunTime:0.001000s ]
INFO: [ app_begin ] --END-- [ RunTime:0.002000s ]
NOTIC: [2048] Declaration of Extend\Controller\QrCodeController::show() should be compatible with Think\Controller::show($content, $charset = '', $contentType = '', $prefix = '') F:\gitcode\php_frame\function\Application\Extend\Controller\QrCodeController.class.php 第 17 行.
NOTIC: [2] imagepng(F:/gitcode/php_frame/Public/Extend/qrcode/1565844194.png): failed to open stream: No such file or directory F:\gitcode\php_frame\function\Vendor\phpqrcode\phpqrcode.php 第 954 行.
INFO: [ app_end ] --START--
INFO: Run Behavior\ChromeShowPageTraceBehavior [ RunTime:0.002000s ]
INFO: [ app_end ] --END-- [ RunTime:0.002000s ]

[ 2019-08-15T12:43:56+08:00 ] 127.0.0.1 /function/Extend/QrCode/image
INFO: [ app_init ] --START--
INFO: Run Behavior\BuildLiteBehavior [ RunTime:0.000000s ]
INFO: [ app_init ] --END-- [ RunTime:0.001000s ]
INFO: [ app_begin ] --START--
INFO: Run Behavior\ReadHtmlCacheBehavior [ RunTime:0.001000s ]
INFO: [ app_begin ] --END-- [ RunTime:0.001000s ]
NOTIC: [2048] Declaration of Extend\Controller\QrCodeController::show() should be compatible with Think\Controller::show($content, $charset = '', $contentType = '', $prefix = '') F:\gitcode\php_frame\function\Application\Extend\Controller\QrCodeController.class.php 第 17 行.
NOTIC: [2] imagepng(F:/gitcode/php_frame/Public/Extend/qrcode/1565844236.png): failed to open stream: No such file or directory F:\gitcode\php_frame\function\Vendor\phpqrcode\phpqrcode.php 第 954 行.
INFO: [ app_end ] --START--
INFO: Run Behavior\ChromeShowPageTraceBehavior [ RunTime:0.002000s ]
INFO: [ app_end ] --END-- [ RunTime:0.002000s ]

[ 2019-08-15T12:44:22+08:00 ] 127.0.0.1 /function/Extend/QrCode/image
INFO: [ app_init ] --START--
INFO: Run Behavior\BuildLiteBehavior [ RunTime:0.000000s ]
INFO: [ app_init ] --END-- [ RunTime:0.002000s ]
INFO: [ app_begin ] --START--
INFO: Run Behavior\ReadHtmlCacheBehavior [ RunTime:0.002000s ]
INFO: [ app_begin ] --END-- [ RunTime:0.002000s ]
NOTIC: [2048] Declaration of Extend\Controller\QrCodeController::show() should be compatible with Think\Controller::show($content, $charset = '', $contentType = '', $prefix = '') F:\gitcode\php_frame\function\Application\Extend\Controller\QrCodeController.class.php 第 17 行.
NOTIC: [2] imagepng(F:/gitcode/php_frame/Public/Extend/qrcode/1565844262.png): failed to open stream: No such file or directory F:\gitcode\php_frame\function\Vendor\phpqrcode\phpqrcode.php 第 954 行.
INFO: [ app_end ] --START--
INFO: Run Behavior\ChromeShowPageTraceBehavior [ RunTime:0.002001s ]
INFO: [ app_end ] --END-- [ RunTime:0.002001s ]

[ 2019-08-15T12:47:32+08:00 ] 127.0.0.1 /function/Extend/QrCode/image
INFO: [ app_init ] --START--
INFO: Run Behavior\BuildLiteBehavior [ RunTime:0.000000s ]
INFO: [ app_init ] --END-- [ RunTime:0.001000s ]
INFO: [ app_begin ] --START--
INFO: Run Behavior\ReadHtmlCacheBehavior [ RunTime:0.002000s ]
INFO: [ app_begin ] --END-- [ RunTime:0.002000s ]
NOTIC: [2048] Declaration of Extend\Controller\QrCodeController::show() should be compatible with Think\Controller::show($content, $charset = '', $contentType = '', $prefix = '') F:\gitcode\php_frame\function\Application\Extend\Controller\QrCodeController.class.php 第 17 行.
INFO: [ app_end ] --START--
INFO: Run Behavior\ChromeShowPageTraceBehavior [ RunTime:0.001000s ]
INFO: [ app_end ] --END-- [ RunTime:0.002000s ]

[ 2019-08-15T12:48:12+08:00 ] 127.0.0.1 /function/Extend/QrCode/image
INFO: [ app_init ] --START--
INFO: Run Behavior\BuildLiteBehavior [ RunTime:0.000000s ]
INFO: [ app_init ] --END-- [ RunTime:0.001000s ]
INFO: [ app_begin ] --START--
INFO: Run Behavior\ReadHtmlCacheBehavior [ RunTime:0.001000s ]
INFO: [ app_begin ] --END-- [ RunTime:0.001000s ]
NOTIC: [2048] Declaration of Extend\Controller\QrCodeController::show() should be compatible with Think\Controller::show($content, $charset = '', $contentType = '', $prefix = '') F:\gitcode\php_frame\function\Application\Extend\Controller\QrCodeController.class.php 第 17 行.
INFO: [ app_end ] --START--
INFO: Run Behavior\ChromeShowPageTraceBehavior [ RunTime:0.002000s ]
INFO: [ app_end ] --END-- [ RunTime:0.002000s ]

[ 2019-08-15T12:48:23+08:00 ] 127.0.0.1 /function/Extend/QrCode/image
INFO: [ app_init ] --START--
INFO: Run Behavior\BuildLiteBehavior [ RunTime:0.000000s ]
INFO: [ app_init ] --END-- [ RunTime:0.001000s ]
INFO: [ app_begin ] --START--
INFO: Run Behavior\ReadHtmlCacheBehavior [ RunTime:0.001000s ]
INFO: [ app_begin ] --END-- [ RunTime:0.001000s ]
NOTIC: [2048] Declaration of Extend\Controller\QrCodeController::show() should be compatible with Think\Controller::show($content, $charset = '', $contentType = '', $prefix = '') F:\gitcode\php_frame\function\Application\Extend\Controller\QrCodeController.class.php 第 17 行.
INFO: [ app_end ] --START--
INFO: Run Behavior\ChromeShowPageTraceBehavior [ RunTime:0.001000s ]
INFO: [ app_end ] --END-- [ RunTime:0.002000s ]

[ 2019-08-15T12:50:36+08:00 ] 127.0.0.1 /function/Extend/QrCode/image
INFO: [ app_init ] --START--
INFO: Run Behavior\BuildLiteBehavior [ RunTime:0.000000s ]
INFO: [ app_init ] --END-- [ RunTime:0.001000s ]
INFO: [ app_begin ] --START--
INFO: Run Behavior\ReadHtmlCacheBehavior [ RunTime:0.001000s ]
INFO: [ app_begin ] --END-- [ RunTime:0.001000s ]
NOTIC: [2048] Declaration of Extend\Controller\QrCodeController::show() should be compatible with Think\Controller::show($content, $charset = '', $contentType = '', $prefix = '') F:\gitcode\php_frame\function\Application\Extend\Controller\QrCodeController.class.php 第 17 行.
INFO: [ app_end ] --START--
INFO: Run Behavior\ChromeShowPageTraceBehavior [ RunTime:0.002000s ]
INFO: [ app_end ] --END-- [ RunTime:0.002000s ]

[ 2019-08-15T12:50:40+08:00 ] 127.0.0.1 /function/Extend/QrCode/image
INFO: [ app_init ] --START--
INFO: Run Behavior\BuildLiteBehavior [ RunTime:0.000000s ]
INFO: [ app_init ] --END-- [ RunTime:0.001001s ]
INFO: [ app_begin ] --START--
INFO: Run Behavior\ReadHtmlCacheBehavior [ RunTime:0.002000s ]
INFO: [ app_begin ] --END-- [ RunTime:0.002000s ]
NOTIC: [2048] Declaration of Extend\Controller\QrCodeController::show() should be compatible with Think\Controller::show($content, $charset = '', $contentType = '', $prefix = '') F:\gitcode\php_frame\function\Application\Extend\Controller\QrCodeController.class.php 第 17 行.
INFO: [ app_end ] --START--
INFO: Run Behavior\ChromeShowPageTraceBehavior [ RunTime:0.002000s ]
INFO: [ app_end ] --END-- [ RunTime:0.003000s ]

[ 2019-08-15T12:52:39+08:00 ] 127.0.0.1 /function/Extend/QrCode/image
INFO: [ app_init ] --START--
INFO: Run Behavior\BuildLiteBehavior [ RunTime:0.000000s ]
INFO: [ app_init ] --END-- [ RunTime:0.001000s ]
INFO: [ app_begin ] --START--
INFO: Run Behavior\ReadHtmlCacheBehavior [ RunTime:0.001000s ]
INFO: [ app_begin ] --END-- [ RunTime:0.001000s ]
NOTIC: [2048] Declaration of Extend\Controller\QrCodeController::show() should be compatible with Think\Controller::show($content, $charset = '', $contentType = '', $prefix = '') F:\gitcode\php_frame\function\Application\Extend\Controller\QrCodeController.class.php 第 17 行.
INFO: [ app_end ] --START--
INFO: Run Behavior\ChromeShowPageTraceBehavior [ RunTime:0.002001s ]
INFO: [ app_end ] --END-- [ RunTime:0.002001s ]

[ 2019-08-15T12:53:50+08:00 ] 127.0.0.1 /function/Extend/QrCode/image
INFO: [ app_init ] --START--
INFO: Run Behavior\BuildLiteBehavior [ RunTime:0.000000s ]
INFO: [ app_init ] --END-- [ RunTime:0.001000s ]
INFO: [ app_begin ] --START--
INFO: Run Behavior\ReadHtmlCacheBehavior [ RunTime:0.001000s ]
INFO: [ app_begin ] --END-- [ RunTime:0.002000s ]
NOTIC: [2048] Declaration of Extend\Controller\QrCodeController::show() should be compatible with Think\Controller::show($content, $charset = '', $contentType = '', $prefix = '') F:\gitcode\php_frame\function\Application\Extend\Controller\QrCodeController.class.php 第 17 行.
INFO: [ app_end ] --START--
INFO: Run Behavior\ChromeShowPageTraceBehavior [ RunTime:0.002000s ]
INFO: [ app_end ] --END-- [ RunTime:0.002000s ]

[ 2019-08-15T12:55:03+08:00 ] 127.0.0.1 /function/Extend/QrCode/image
INFO: [ app_init ] --START--
INFO: Run Behavior\BuildLiteBehavior [ RunTime:0.000000s ]
INFO: [ app_init ] --END-- [ RunTime:0.001000s ]
INFO: [ app_begin ] --START--
INFO: Run Behavior\ReadHtmlCacheBehavior [ RunTime:0.002000s ]
INFO: [ app_begin ] --END-- [ RunTime:0.002000s ]
NOTIC: [2048] Declaration of Extend\Controller\QrCodeController::show() should be compatible with Think\Controller::show($content, $charset = '', $contentType = '', $prefix = '') F:\gitcode\php_frame\function\Application\Extend\Controller\QrCodeController.class.php 第 17 行.
INFO: [ app_end ] --START--
INFO: Run Behavior\ChromeShowPageTraceBehavior [ RunTime:0.002000s ]
INFO: [ app_end ] --END-- [ RunTime:0.002000s ]

[ 2019-08-15T12:56:00+08:00 ] 127.0.0.1 /function/Extend/QrCode/image
INFO: [ app_init ] --START--
INFO: Run Behavior\BuildLiteBehavior [ RunTime:0.000000s ]
INFO: [ app_init ] --END-- [ RunTime:0.001000s ]
INFO: [ app_begin ] --START--
INFO: Run Behavior\ReadHtmlCacheBehavior [ RunTime:0.002000s ]
INFO: [ app_begin ] --END-- [ RunTime:0.002000s ]
NOTIC: [2048] Declaration of Extend\Controller\QrCodeController::show() should be compatible with Think\Controller::show($content, $charset = '', $contentType = '', $prefix = '') F:\gitcode\php_frame\function\Application\Extend\Controller\QrCodeController.class.php 第 17 行.
INFO: [ app_end ] --START--
INFO: Run Behavior\ChromeShowPageTraceBehavior [ RunTime:0.002000s ]
INFO: [ app_end ] --END-- [ RunTime:0.002000s ]

[ 2019-08-15T12:57:05+08:00 ] 127.0.0.1 /function/Extend/QrCode/image
INFO: [ app_init ] --START--
INFO: Run Behavior\BuildLiteBehavior [ RunTime:0.000000s ]
INFO: [ app_init ] --END-- [ RunTime:0.001000s ]
INFO: [ app_begin ] --START--
INFO: Run Behavior\ReadHtmlCacheBehavior [ RunTime:0.001000s ]
INFO: [ app_begin ] --END-- [ RunTime:0.001000s ]
NOTIC: [2048] Declaration of Extend\Controller\QrCodeController::show() should be compatible with Think\Controller::show($content, $charset = '', $contentType = '', $prefix = '') F:\gitcode\php_frame\function\Application\Extend\Controller\QrCodeController.class.php 第 17 行.
INFO: [ app_end ] --START--
INFO: Run Behavior\ChromeShowPageTraceBehavior [ RunTime:0.002000s ]
INFO: [ app_end ] --END-- [ RunTime:0.002000s ]

[ 2019-08-15T12:57:06+08:00 ] 127.0.0.1 /function/Extend/QrCode/image
INFO: [ app_init ] --START--
INFO: Run Behavior\BuildLiteBehavior [ RunTime:0.000000s ]
INFO: [ app_init ] --END-- [ RunTime:0.001000s ]
INFO: [ app_begin ] --START--
INFO: Run Behavior\ReadHtmlCacheBehavior [ RunTime:0.002000s ]
INFO: [ app_begin ] --END-- [ RunTime:0.002000s ]
NOTIC: [2048] Declaration of Extend\Controller\QrCodeController::show() should be compatible with Think\Controller::show($content, $charset = '', $contentType = '', $prefix = '') F:\gitcode\php_frame\function\Application\Extend\Controller\QrCodeController.class.php 第 17 行.
INFO: [ app_end ] --START--
INFO: Run Behavior\ChromeShowPageTraceBehavior [ RunTime:0.002001s ]
INFO: [ app_end ] --END-- [ RunTime:0.003001s ]

[ 2019-08-15T12:57:07+08:00 ] 127.0.0.1 /function/Extend/QrCode/image
INFO: [ app_init ] --START--
INFO: Run Behavior\BuildLiteBehavior [ RunTime:0.000000s ]
INFO: [ app_init ] --END-- [ RunTime:0.001000s ]
INFO: [ app_begin ] --START--
INFO: Run Behavior\ReadHtmlCacheBehavior [ RunTime:0.001000s ]
INFO: [ app_begin ] --END-- [ RunTime:0.002000s ]
NOTIC: [2048] Declaration of Extend\Controller\QrCodeController::show() should be compatible with Think\Controller::show($content, $charset = '', $contentType = '', $prefix = '') F:\gitcode\php_frame\function\Application\Extend\Controller\QrCodeController.class.php 第 17 行.
INFO: [ app_end ] --START--
INFO: Run Behavior\ChromeShowPageTraceBehavior [ RunTime:0.002000s ]
INFO: [ app_end ] --END-- [ RunTime:0.003000s ]

[ 2019-08-15T12:57:08+08:00 ] 127.0.0.1 /function/Extend/QrCode/image
INFO: [ app_init ] --START--
INFO: Run Behavior\BuildLiteBehavior [ RunTime:0.000000s ]
INFO: [ app_init ] --END-- [ RunTime:0.001000s ]
INFO: [ app_begin ] --START--
INFO: Run Behavior\ReadHtmlCacheBehavior [ RunTime:0.002001s ]
INFO: [ app_begin ] --END-- [ RunTime:0.002001s ]
NOTIC: [2048] Declaration of Extend\Controller\QrCodeController::show() should be compatible with Think\Controller::show($content, $charset = '', $contentType = '', $prefix = '') F:\gitcode\php_frame\function\Application\Extend\Controller\QrCodeController.class.php 第 17 行.
INFO: [ app_end ] --START--
INFO: Run Behavior\ChromeShowPageTraceBehavior [ RunTime:0.002000s ]
INFO: [ app_end ] --END-- [ RunTime:0.002000s ]

[ 2019-08-15T12:57:22+08:00 ] 127.0.0.1 /function/Extend/QrCode/image
INFO: [ app_init ] --START--
INFO: Run Behavior\BuildLiteBehavior [ RunTime:0.000000s ]
INFO: [ app_init ] --END-- [ RunTime:0.001000s ]
INFO: [ app_begin ] --START--
INFO: Run Behavior\ReadHtmlCacheBehavior [ RunTime:0.001000s ]
INFO: [ app_begin ] --END-- [ RunTime:0.002000s ]
NOTIC: [2048] Declaration of Extend\Controller\QrCodeController::show() should be compatible with Think\Controller::show($content, $charset = '', $contentType = '', $prefix = '') F:\gitcode\php_frame\function\Application\Extend\Controller\QrCodeController.class.php 第 17 行.
INFO: [ app_end ] --START--
INFO: Run Behavior\ChromeShowPageTraceBehavior [ RunTime:0.002000s ]
INFO: [ app_end ] --END-- [ RunTime:0.002000s ]

[ 2019-08-15T12:57:58+08:00 ] 127.0.0.1 /function/Extend/QrCode/image
INFO: [ app_init ] --START--
INFO: Run Behavior\BuildLiteBehavior [ RunTime:0.000000s ]
INFO: [ app_init ] --END-- [ RunTime:0.001000s ]
INFO: [ app_begin ] --START--
INFO: Run Behavior\ReadHtmlCacheBehavior [ RunTime:0.001000s ]
INFO: [ app_begin ] --END-- [ RunTime:0.002000s ]
NOTIC: [2048] Declaration of Extend\Controller\QrCodeController::show() should be compatible with Think\Controller::show($content, $charset = '', $contentType = '', $prefix = '') F:\gitcode\php_frame\function\Application\Extend\Controller\QrCodeController.class.php 第 17 行.
INFO: [ app_end ] --START--
INFO: Run Behavior\ChromeShowPageTraceBehavior [ RunTime:0.002000s ]
INFO: [ app_end ] --END-- [ RunTime:0.002000s ]

[ 2019-08-15T12:58:53+08:00 ] 127.0.0.1 /function/Extend/QrCode/image
INFO: [ app_init ] --START--
INFO: Run Behavior\BuildLiteBehavior [ RunTime:0.000000s ]
INFO: [ app_init ] --END-- [ RunTime:0.001001s ]
INFO: [ app_begin ] --START--
INFO: Run Behavior\ReadHtmlCacheBehavior [ RunTime:0.001000s ]
INFO: [ app_begin ] --END-- [ RunTime:0.001000s ]
NOTIC: [2048] Declaration of Extend\Controller\QrCodeController::show() should be compatible with Think\Controller::show($content, $charset = '', $contentType = '', $prefix = '') F:\gitcode\php_frame\function\Application\Extend\Controller\QrCodeController.class.php 第 17 行.
INFO: [ app_end ] --START--
INFO: Run Behavior\ChromeShowPageTraceBehavior [ RunTime:0.003000s ]
INFO: [ app_end ] --END-- [ RunTime:0.003000s ]

[ 2019-08-15T13:01:42+08:00 ] 127.0.0.1 /function/Extend/VerifyCode/index
INFO: [ app_init ] --START--
INFO: Run Behavior\BuildLiteBehavior [ RunTime:0.000000s ]
INFO: [ app_init ] --END-- [ RunTime:0.001000s ]
INFO: [ app_begin ] --START--
INFO: Run Behavior\ReadHtmlCacheBehavior [ RunTime:0.001000s ]
INFO: [ app_begin ] --END-- [ RunTime:0.001000s ]
INFO: [ app_end ] --START--
INFO: Run Behavior\ChromeShowPageTraceBehavior [ RunTime:0.002000s ]
INFO: [ app_end ] --END-- [ RunTime:0.002000s ]

[ 2019-08-15T13:01:47+08:00 ] 127.0.0.1 /function/Extend/VerifyCode/index
INFO: [ app_init ] --START--
INFO: Run Behavior\BuildLiteBehavior [ RunTime:0.000000s ]
INFO: [ app_init ] --END-- [ RunTime:0.001000s ]
INFO: [ app_begin ] --START--
INFO: Run Behavior\ReadHtmlCacheBehavior [ RunTime:0.001001s ]
INFO: [ app_begin ] --END-- [ RunTime:0.001001s ]
INFO: [ app_end ] --START--
INFO: Run Behavior\ChromeShowPageTraceBehavior [ RunTime:0.002000s ]
INFO: [ app_end ] --END-- [ RunTime:0.002000s ]

[ 2019-08-15T13:01:49+08:00 ] 127.0.0.1 /function/Extend/VerifyCode/index
INFO: [ app_init ] --START--
INFO: Run Behavior\BuildLiteBehavior [ RunTime:0.000000s ]
INFO: [ app_init ] --END-- [ RunTime:0.001000s ]
INFO: [ app_begin ] --START--
INFO: Run Behavior\ReadHtmlCacheBehavior [ RunTime:0.000000s ]
INFO: [ app_begin ] --END-- [ RunTime:0.001000s ]
INFO: [ app_end ] --START--
INFO: Run Behavior\ChromeShowPageTraceBehavior [ RunTime:0.001000s ]
INFO: [ app_end ] --END-- [ RunTime:0.001000s ]

